<?xml version="1.0" encoding="UTF-8"?>
<!-- Generated by org.testng.reporters.JUnitReportReporter -->
<testsuite hostname="Someshwar" failures="0" tests="2" name="test.LoginTests" time="7.676" errors="0" timestamp="2025-05-22T23:14:23 IST" skipped="0">
  <testcase classname="test.LoginTests" name="loginWithInvalidCredentials" time="2.285"/>
  <system-out/>
  <testcase classname="test.LoginTests" name="loginWithValidCredentials" time="5.391"/>
  <system-out/>
</testsuite> <!-- test.LoginTests -->
